<?xml version="1.0" encoding="UTF-8"?>
<!-- Generated by org.testng.reporters.JUnitXMLReporter -->
<testsuite hostname="Kugan-PC" ignored="0" name="Test" tests="3" failures="0" timestamp="29 Jul 2020 05:24:31 GMT" time="213.852" errors="0">
  <testcase name="vali_Text" time="0.937" classname="completeFramework.ValidateText"/>
  <testcase name="open_browser" time="74.205" classname="completeFramework.HomePage"/>
  <testcase name="open_browser" time="49.645" classname="completeFramework.HomePage"/>
</testsuite> <!-- Test -->
