-------------------------------------------------------------------------------
Test set: TestSuite
-------------------------------------------------------------------------------
Tests run: 3, Failures: 1, Errors: 0, Skipped: 0, Time elapsed: 108.557 s <<< FAILURE! - in TestSuite
vali_Text(completeFramework.ValidateText)  Time elapsed: 2.153 s  <<< FAILURE!
java.lang.AssertionError: expected [true] but found [false]
	at completeFramework.ValidateText.vali_Text(ValidateText.java:33)

